ic| self.force_to_exit_ev.is_set(): False
    self.config.compile_eot: False
ic| self._name: 'CompRunQArbEx'
    task: {'approved': ['CompRunQMng'],
           'command': 'make COMP_MAKEARGS=GROUP1',
           'future': '',
           'status': 'wait',
           'subdir': 'module1/Group1/build'}
icic| self._name:| 'CompileWatchdog', temp: hit: 0
MainThread has locked the test_wait_queue SmartQ in put
MainThread has released the test_wait_queue SmartQ in put
MainThread has locked the test_wait_queue SmartQ in put
MainThread has released the test_wait_queue SmartQ in put
MainThread has locked the test_wait_queue SmartQ in put
MainThread has released the test_wait_queue SmartQ in put
MainThread has locked the test_wait_queue SmartQ in put
MainThread has released the test_wait_queue SmartQ in put
MainThread has locked the test_wait_queue SmartQ in put
MainThread has released the test_wait_queue SmartQ in put
MainThread has locked the test_wait_queue SmartQ in put
MainThread has released the test_wait_queue SmartQ in put
MainThread has locked the test_wait_queue SmartQ in put
MainThread has released the test_wait_queue SmartQ in put
MainThread has locked the test_wait_queue SmartQ in put
MainThread has released the test_wait_queue SmartQ in put
MainThread has locked the test_wait_queue SmartQ in put
MainThread has released the test_wait_queue SmartQ in put
MainThread has locked the test_wait_queue SmartQ in put
MainThread has released the test_wait_queue SmartQ in put
MainThread has locked the test_wait_queue SmartQ in put
MainThread has released the test_wait_queue SmartQ in put
MainThread has locked the test_wait_queue SmartQ in put
MainThread has released the test_wait_queue SmartQ in put
MainThread has locked the test_wait_queue SmartQ in is_empty
MainThread has released the test_wait_queue SmartQ in is_empty
MainThread has locked the test_wait_queue SmartQ in get
MainThread has released the test_wait_queue SmartQ in get
MainThread has locked the test_wait_queue SmartQ in is_empty
MainThread has released the test_wait_queue SmartQ in is_empty
MainThread has locked the test_wait_queue SmartQ in get
MainThread has released the test_wait_queue SmartQ in get
MainThread has locked the test_wait_queue SmartQ in is_empty
MainThread has released the test_wait_queue SmartQ in is_empty
MainThread has locked the test_wait_queue SmartQ in get
MainThread has released the test_wait_queue SmartQ in get
MainThread has locked the test_wait_queue SmartQ in is_empty
MainThread has released the test_wait_queue SmartQ in is_empty
MainThread has locked the test_wait_queue SmartQ in get
MainThread has released the test_wait_queue SmartQ in get
MainThread has locked the test_wait_queue SmartQ in is_empty
MainThread has released the test_wait_queue SmartQ in is_empty
MainThread has locked the test_wait_queue SmartQ in get
MainThread has released the test_wait_queue SmartQ in get
MainThread has locked the test_wait_queue SmartQ in is_empty
MainThread has released the test_wait_queue SmartQ in is_empty
MainThread has locked the test_wait_queue SmartQ in get
MainThread has released the test_wait_queue SmartQ in get
MainThread has locked the test_wait_queue SmartQ in is_empty
MainThread has released the test_wait_queue SmartQ in is_empty
MainThread has locked the test_wait_queue SmartQ in get
MainThread has released the test_wait_queue SmartQ in get
MainThread has locked the test_wait_queue SmartQ in is_empty
MainThread has released the test_wait_queue SmartQ in is_empty
MainThread has locked the test_wait_queue SmartQ in get
MainThread has released the test_wait_queue SmartQ in get
MainThread has locked the test_wait_queue SmartQ in is_empty
MainThread has released the test_wait_queue SmartQ in is_empty
MainThread has locked the test_wait_queue SmartQ in get
MainThread has released the test_wait_queue SmartQ in get
MainThread has locked the test_wait_queue SmartQ in is_empty
MainThread has released the test_wait_queue SmartQ in is_empty
MainThread has locked the test_wait_queue SmartQ in get
MainThread has released the test_wait_queue SmartQ in get
MainThread has locked the test_wait_queue SmartQ in is_empty
MainThread has released the test_wait_queue SmartQ in is_empty
MainThread has locked the test_wait_queue SmartQ in get
MainThread has released the test_wait_queue SmartQ in get
MainThread has locked the test_wait_queue SmartQ in is_empty
MainThread has released the test_wait_queue SmartQ in is_empty
MainThread has locked the test_wait_queue SmartQ in get
MainThread has released the test_wait_queue SmartQ in get
MainThread has locked the test_wait_queue SmartQ in is_empty
MainThread has released the test_wait_queue SmartQ in is_empty
MainThread has locked the test_wait_queue SmartQ in put
MainThread has released the test_wait_queue SmartQ in put
MainThread has locked the test_wait_queue SmartQ in put
MainThread has released the test_wait_queue SmartQ in put
MainThread has locked the test_wait_queue SmartQ in put
MainThread has released the test_wait_queue SmartQ in put
MainThread has locked the test_wait_queue SmartQ in put
MainThread has released the test_wait_queue SmartQ in put
MainThread has locked the test_wait_queue SmartQ in put
MainThread has released the test_wait_queue SmartQ in put
MainThread has locked the test_wait_queue SmartQ in put
MainThread has released the test_wait_queue SmartQ in put
MainThread has locked the test_wait_queue SmartQ in put
MainThread has released the test_wait_queue SmartQ in put
MainThread has locked the test_wait_queue SmartQ in put
MainThread has released the test_wait_queue SmartQ in put
MainThread has locked the test_wait_queue SmartQ in put
MainThread has released the test_wait_queue SmartQ in put
MainThread has locked the test_wait_queue SmartQ in put
MainThread has released the test_wait_queue SmartQ in put
MainThread has locked the test_wait_queue SmartQ in put
MainThread has released the test_wait_queue SmartQ in put
MainThread has locked the test_wait_queue SmartQ in put
MainThread has released the test_wait_queue SmartQ in put
CompDoneQArbEx has locked the compile_run_queue SmartQ in is_empty
CompDoneQArbEx has released the compile_run_queue SmartQ in is_empty
QM compile_wait_queue queue:
{'command': 'make COMP_MAKEARGS=GROUP1', 'subdir': 'module1/Group1/build', 'status': 'wait', 'approved': ['CompRunQMng'], 'future': ''}
{'command': 'make COMP_MAKEARGS=GROUP2', 'subdir': 'module1/Group2/build', 'status': 'wait', 'approved': ['CompRunQMng'], 'future': ''}
{'command': 'make COMP_MAKEARGS=GROUP3', 'subdir': 'module1/Group3/build', 'status': 'wait', 'approved': ['CompRunQMng'], 'future': ''}
QM compile_wait_queue queue:
{'command': 'make COMP_MAKEARGS=GROUP1', 'subdir': 'module1/Group1/build', 'status': 'wait', 'approved': [], 'future': ''}
{'command': 'make COMP_MAKEARGS=GROUP2', 'subdir': 'module1/Group2/build', 'status': 'wait', 'approved': ['CompRunQMng'], 'future': ''}
{'command': 'make COMP_MAKEARGS=GROUP3', 'subdir': 'module1/Group3/build', 'status': 'wait', 'approved': ['CompRunQMng'], 'future': ''}
 False
ic| self._name: 'CompileWatchdog', temp: False
ic| self._name: 'CompRunQArbEx'
    task: {'approved': [],
           'command': 'make COMP_MAKEARGS=GROUP1',
           'future': '',
           'status': 'wait',
           'subdiric| 'time.time() - start_time: 0.45381855964660645, max_timeout: 60
: 'module1/Group1/build'}
ic| self._name: 'CompRunQArbEx', len(approved): 0
CompRunQArbEx has locked the compile_run_queue SmartQ in put
CompRunQArbEx has released the compile_run_queue SmartQ in put
rm -rf obj_dir
CompDoneQArbEx has locked the compile_run_queue SmartQ in is_empty
CompDoneQArbEx has released the compile_run_queue SmartQ in is_empty
CompDoneQArbEx has locked the compile_run_queue SmartQ in peek
CompDoneQArbEx has released the compile_run_queue SmartQ in peek
ic| comp_done_q_arb_ex.py:49 in run() at 11:58:11.650
CompDoneQArbEx has locked the compile_run_queue SmartQ in print_queue
 compile_run_queue queue:
{'command': 'make COMP_MAKEARGS=GROUP1', 'subdir': 'module1/Group1/build', 'status': 'run', 'approved': [], 'future': <Future at 0x79a25ae3bd40 state=running>}
CompDoneQArbEx has released the compile_run_queue SmartQ in print_queue
ic| self.force_to_exit_ev.is_set(): False
    self.config.compile_eot: False
ic| hit: 0
QM compile_wait_queue queue:
{'command': 'make COMP_MAKEARGS=GROUP2', 'subdir': 'module1/Group2/build', 'status': 'wait', 'approved': ['CompRunQMng'], 'future': ''}
{'command': 'make COMP_MAKEARGS=GROUP3', 'subdir': 'module1/Group3/build', 'status': 'wait', 'approved': ['CompRunQMng'], 'future': ''}
QM compile_wait_queue queue:
{'command': 'make COMP_MAKEARGS=GROUP2', 'subdir': 'module1/Group2/build', 'status': 'wait', 'approved': [], 'future': ''}
{'command': 'make COMP_MAKEARGS=GROUP3', 'subdir': 'module1/Group3/build', 'status': 'wait', 'approved': ['CompRunQMng'], 'future': ''}
ic| self._name: 'CompileWatchdog', temp: False
ic| time.time() - start_time: 1.472919225692749, max_timeout: 60
ic| self.force_to_exit_ev.is_set(): False
    self.config.compile_eot: False
ic| self._name: 'CompileWatchdog', temp: False
ic| time.time() - start_time: 2.4946646690368652, max_timeout: 60
ic| self.force_to_exit_ev.is_set(): False
    self.config.compile_eot: False
ic| self.force_to_exit_ev.is_set(): False
    self.config.compile_eot: False
ic| self._name: 'CompileWatchdog', temp: False
ic| time.time() - start_time: 3.512924909591675, max_timeout: 60
ic| self.force_to_exit_ev.is_set(): False
    self.config.compile_eot: False
ic| self.force_to_exit_ev.is_set(): False
    self.config.compile_eot: False
ic| self.force_to_exit_ev.is_set(): False
    self.config.compile_eot: False
ic| self._name: 'CompileWatchdog', temp: False
ic| time.time() - start_time: 4.537009954452515, max_timeout: 60
ic| self.force_to_exit_ev.is_set(): False
    self.config.compile_eot: False
ic| self.force_to_exit_ev.is_set(): False
    self.config.compile_eot: False
ic| self.force_to_exit_ev.is_set(): False
    self.config.compile_eot: False
ic| self._name: 'CompileWatchdog', temp: False
ic| time.time() - start_time: 5.552441120147705, max_timeout: 60
verilator -Wall --trace cs_common.svh -CFLAGS "-I/home/v/workspace/Shunt/utils/dpi/include" -CFLAGS "-I/home/v/workspace/Shunt/utils/c/include" -cc /home/v/workspace/Shunt/utils/dpi/include/shunt_verilator_dpi.svh /home/v/workspace/Shunt/utils/dpi/src/shunt_dpi_pkg.sv  -LDFLAGS "/home/v/workspace/Shunt/bin/libutils.so" top_sim.v --exe sim_main.cpp
ic| self.force_to_exit_ev.is_set(): False
    self.config.compile_eot: False
ic| self._name: 'CompileWatchdog', temp: False
ic| time.time() - start_time: 6.578432321548462, max_timeout: 60
- V e r i l a t i o n   R e p o r t: Verilator 5.027 devel rev v5.026-8-g3315a6e43
- Verilator: Built from 0.255 MB sources in 3 modules, into 0.080 MB in 16 C++ files needing 0.000 MB
- Verilator: Walltime 0.643 s (elab=0.006, cvt=0.057, bld=0.000); cpu 0.000 s on 1 threads; alloced 20.801 MB
make -C obj_dir -j -f Vcs_common.mk Vcs_common
make[1]: Entering directory '/media/sf_workspace/archon/run_regression/sanity_regression_20241201_115810/module1/Group1/build/obj_dir'
ccache g++  -I.  -MMD -I/usr/local/share/verilator/include -I/usr/local/share/verilator/include/vltstd -DVM_COVERAGE=0 -DVM_SC=0 -DVM_TRACE=1 -DVM_TRACE_FST=0 -DVM_TRACE_VCD=1 -faligned-new -fcf-protection=none -Wno-bool-operation -Wno-shadow -Wno-sign-compare -Wno-tautological-compare -Wno-uninitialized -Wno-unused-but-set-parameter -Wno-unused-but-set-variable -Wno-unused-parameter -Wno-unused-variable    -I/home/v/workspace/Shunt/utils/dpi/include -I/home/v/workspace/Shunt/utils/c/include   -Os -c -o sim_main.o ../sim_main.cpp
ccache g++ -Os  -I.  -MMD -I/usr/local/share/verilator/include -I/usr/local/share/verilator/include/vltstd -DVM_COVERAGE=0 -DVM_SC=0 -DVM_TRACE=1 -DVM_TRACE_FST=0 -DVM_TRACE_VCD=1 -faligned-new -fcf-protection=none -Wno-bool-operation -Wno-shadow -Wno-sign-compare -Wno-tautological-compare -Wno-uninitialized -Wno-unused-but-set-parameter -Wno-unused-but-set-variable -Wno-unused-parameter -Wno-unused-variable    -I/home/v/workspace/Shunt/utils/dpi/include -I/home/v/workspace/Shunt/utils/c/include   -c -o verilated.o /usr/local/share/verilator/include/verilated.cpp
ccache g++ -Os  -I.  -MMD -I/usr/local/share/verilator/include -I/usr/local/share/verilator/include/vltstd -DVM_COVERAGE=0 -DVM_SC=0 -DVM_TRACE=1 -DVM_TRACE_FST=0 -DVM_TRACE_VCD=1 -faligned-new -fcf-protection=none -Wno-bool-operation -Wno-shadow -Wno-sign-compare -Wno-tautological-compare -Wno-uninitialized -Wno-unused-but-set-parameter -Wno-unused-but-set-variable -Wno-unused-parameter -Wno-unused-variable    -I/home/v/workspace/Shunt/utils/dpi/include -I/home/v/workspace/Shunt/utils/c/include   -c -o verilated_dpi.o /usr/local/share/verilator/include/verilated_dpi.cpp
ccache g++ -Os  -I.  -MMD -I/usr/local/share/verilator/include -I/usr/local/share/verilator/include/vltstd -DVM_COVERAGE=0 -DVM_SC=0 -DVM_TRACE=1 -DVM_TRACE_FST=0 -DVM_TRACE_VCD=1 -faligned-new -fcf-protection=none -Wno-bool-operation -Wno-shadow -Wno-sign-compare -Wno-tautological-compare -Wno-uninitialized -Wno-unused-but-set-parameter -Wno-unused-but-set-variable -Wno-unused-parameter -Wno-unused-variable    -I/home/v/workspace/Shunt/utils/dpi/include -I/home/v/workspace/Shunt/utils/c/include   -c -o verilated_vcd_c.o /usr/local/share/verilator/include/verilated_vcd_c.cpp
ccache g++ -Os  -I.  -MMD -I/usr/local/share/verilator/include -I/usr/local/share/verilator/include/vltstd -DVM_COVERAGE=0 -DVM_SC=0 -DVM_TRACE=1 -DVM_TRACE_FST=0 -DVM_TRACE_VCD=1 -faligned-new -fcf-protection=none -Wno-bool-operation -Wno-shadow -Wno-sign-compare -Wno-tautological-compare -Wno-uninitialized -Wno-unused-but-set-parameter -Wno-unused-but-set-variable -Wno-unused-parameter -Wno-unused-variable    -I/home/v/workspace/Shunt/utils/dpi/include -I/home/v/workspace/Shunt/utils/c/include   -c -o verilated_threads.o /usr/local/share/verilator/include/verilated_threads.cpp
/usr/bin/python3 /usr/local/share/verilator/bin/verilator_includer -DVL_INCLUDE_OPT=include Vcs_common.cpp Vcs_common___024root__DepSet_h532b677c__0.cpp Vcs_common___024root__DepSet_h5619adff__0.cpp Vcs_common_shunt_dpi_pkg__DepSet_ha2957969__0.cpp Vcs_common__Dpi.cpp Vcs_common__Trace__0.cpp Vcs_common___024root__Slow.cpp Vcs_common___024root__DepSet_h532b677c__0__Slow.cpp Vcs_common___024root__DepSet_h5619adff__0__Slow.cpp Vcs_common_shunt_dpi_pkg__Slow.cpp Vcs_common_shunt_dpi_pkg__DepSet_hc65f8ff4__0__Slow.cpp Vcs_common___024unit__Slow.cpp Vcs_common___024unit__DepSet_he9d3e119__0__Slow.cpp Vcs_common__Syms.cpp Vcs_common__Trace__0__Slow.cpp Vcs_common__TraceDecls__0__Slow.cpp > Vcs_common__ALL.cpp
echo "" > Vcs_common__ALL.verilator_deplist.tmp
ic| self.force_to_exit_ev.is_set(): False
    self.config.compile_eot: False
ccache g++ -Os  -I.  -MMD -I/usr/local/share/verilator/include -I/usr/local/share/verilator/include/vltstd -DVM_COVERAGE=0 -DVM_SC=0 -DVM_TRACE=1 -DVM_TRACE_FST=0 -DVM_TRACE_VCD=1 -faligned-new -fcf-protection=none -Wno-bool-operation -Wno-shadow -Wno-sign-compare -Wno-tautological-compare -Wno-uninitialized -Wno-unused-but-set-parameter -Wno-unused-but-set-variable -Wno-unused-parameter -Wno-unused-variable    -I/home/v/workspace/Shunt/utils/dpi/include -I/home/v/workspace/Shunt/utils/c/include   -c -o Vcs_common__ALL.o Vcs_common__ALL.cpp
ic| self._name: 'CompileWatchdog', temp: False
ic| time.time() - start_time: 7.62124228477478, max_timeout: 60
ic| self.force_to_exit_ev.is_set(): False
    self.config.compile_eot: False
g++    sim_main.o verilated.o verilated_dpi.o verilated_vcd_c.o verilated_threads.o Vcs_common__ALL.a   /home/v/workspace/Shunt/bin/libutils.so  -pthread -lpthread -latomic   -o Vcs_common
ic| self.force_to_exit_ev.is_set(): False
    self.config.compile_eot: False
ic| self.force_to_exit_ev.is_set(): False
    self.config.compile_eot: False
ic| self._name: 'CompileWatchdog', temp: False
ic| time.time() - start_time: 8.671162605285645, max_timeout: 60
ic| self.force_to_exit_ev.is_set(): False
    self.config.compile_eot: False
ic| self.force_to_exit_ev.is_set(): False
    self.config.compile_eot: False
ic| self._name: 'CompileWatchdog', temp: False
ic| time.time() - start_time: 9.697233200073242, max_timeout: 60
rm Vcs_common__ALL.verilator_deplist.tmp
make[1]: Leaving directory '/media/sf_workspace/archon/run_regression/sanity_regression_20241201_115810/module1/Group1/build/obj_dir'
CompDoneQArbEx has locked the compile_run_queue SmartQ in remove
CompDoneQArbEx has released the compile_run_queue SmartQ in remove
CompDoneQArbEx has locked the compile_done_queue SmartQ in put
CompDoneQArbEx has released the compile_done_queue SmartQ in put
CompDoneQArbEx has locked the compile_run_queue SmartQ in is_empty
CompDoneQArbEx has released the compile_run_queue SmartQ in is_empty
CompDoneQArbEx has locked the compile_run_queue SmartQ in is_empty
CompDoneQArbEx has released the compile_run_queue SmartQ in is_empty
ic| self._name: 'CompRunQArbEx'
    task: {'approved': [],
           'command': 'make COMP_MAKEARGS=GROUP2',
           'future': '',
           'status': 'wait',
           'subdir': 'module1/Group2/build'}
ic| self._name: 'CompRunQArbEx', len(approved): 0
CompRunQArbEx has locked the compile_run_queue SmartQ in put
CompRunQArbEx has released the compile_run_queue SmartQ in put
rm -rf obj_dir
ic| self.force_to_exit_ev.is_set(): False
    self.config.compile_eot: False
ic| hit: 0
QM compile_wait_queue queue:
{'command': 'make COMP_MAKEARGS=GROUP3', 'subdir': 'module1/Group3/build', 'status': 'wait', 'approved': ['CompRunQMng'], 'future': ''}
QM compile_wait_queue queue:
{'command': 'make COMP_MAKEARGS=GROUP3', 'subdir': 'module1/Group3/build', 'status': 'wait', 'approved': [], 'future': ''}
ic| self.force_to_exit_ev.is_set(): False
    self.config.compile_eot: False
ic| self._name: 'CompileWatchdog', temp: False
ic| time.time() - start_time: 10.745022296905518, max_timeout: 60
CompDoneQArbEx has locked the compile_run_queue SmartQ in is_empty
CompDoneQArbEx has released the compile_run_queue SmartQ in is_empty
CompDoneQArbEx has locked the compile_run_queue SmartQ in peek
CompDoneQArbEx has released the compile_run_queue SmartQ in peek
ic| comp_done_q_arb_ex.py:49 in run() at 11:58:21.543
CompDoneQArbEx has locked the compile_run_queue SmartQ in print_queue
 compile_run_queue queue:
{'command': 'make COMP_MAKEARGS=GROUP2', 'subdir': 'module1/Group2/build', 'status': 'run', 'approved': [], 'future': <Future at 0x79a259baa1e0 state=running>}
CompDoneQArbEx has released the compile_run_queue SmartQ in print_queue
ic| self.force_to_exit_ev.is_set(): False
    self.config.compile_eot: False
ic| self.force_to_exit_ev.is_set(): False
    self.config.compile_eot: False
ic| self.force_to_exit_ev.is_set(): False
    self.config.compile_eot: False
ic| self._name: 'CompileWatchdog', temp: False
ic| time.time() - start_time: 11.779207229614258, max_timeout: 60
ic| self.force_to_exit_ev.is_set(): False
    self.config.compile_eot: False
ic| self._name: 'CompileWatchdog', temp: False
ic| time.time() - start_time: 12.814203262329102, max_timeout: 60
ic| self.force_to_exit_ev.is_set(): False
    self.config.compile_eot: False
ic| self.force_to_exit_ev.is_set(): False
    self.config.compile_eot: False
ic| self._name: 'CompileWatchdog', temp: False
ic| time.time() - start_time: 13.843958139419556, max_timeout: 60
ic| self.force_to_exit_ev.is_set(): False
    self.config.compile_eot: False
ic| self._name: 'CompileWatchdog', temp: False
ic| time.time() - start_time: 14.867248296737671, max_timeout: 60
ic| self.force_to_exit_ev.is_set(): False
    self.config.compile_eot: False
verilator -Wall --trace cs_common.svh -CFLAGS "-I/home/v/workspace/Shunt/utils/dpi/include" -CFLAGS "-I/home/v/workspace/Shunt/utils/c/include" -cc /home/v/workspace/Shunt/utils/dpi/include/shunt_verilator_dpi.svh /home/v/workspace/Shunt/utils/dpi/src/shunt_dpi_pkg.sv  -LDFLAGS "/home/v/workspace/Shunt/bin/libutils.so" top_sim.v --exe sim_main.cpp
ic| self.force_to_exit_ev.is_set(): False
    self.config.compile_eot: False
ic| self._name: 'CompileWatchdog', temp: False
ic| self.force_to_exit_ev.is_set(): False
    self.config.compile_eot: False
ic| time.time() - start_time: 15.897274732589722, max_timeout: 60
ic| self.force_to_exit_ev.is_set(): False
    self.config.compile_eot: False
- V e r i l a t i o n   R e p o r t: Verilator 5.027 devel rev v5.026-8-g3315a6e43
- Verilator: Built from 0.255 MB sources in 3 modules, into 0.080 MB in 16 C++ files needing 0.000 MB
- Verilator: Walltime 0.648 s (elab=0.011, cvt=0.104, bld=0.000); cpu 0.000 s on 1 threads; alloced 20.797 MB
make -C obj_dir -j -f Vcs_common.mk Vcs_common
ic| self._name: 'CompileWatchdog', temp: False
ic| time.time() - start_time: 16.909944534301758, max_timeout: 60
make[1]: Entering directory '/media/sf_workspace/archon/run_regression/sanity_regression_20241201_115810/module1/Group2/build/obj_dir'
ccache g++  -I.  -MMD -I/usr/local/share/verilator/include -I/usr/local/share/verilator/include/vltstd -DVM_COVERAGE=0 -DVM_SC=0 -DVM_TRACE=1 -DVM_TRACE_FST=0 -DVM_TRACE_VCD=1 -faligned-new -fcf-protection=none -Wno-bool-operation -Wno-shadow -Wno-sign-compare -Wno-tautological-compare -Wno-uninitialized -Wno-unused-but-set-parameter -Wno-unused-but-set-variable -Wno-unused-parameter -Wno-unused-variable    -I/home/v/workspace/Shunt/utils/dpi/include -I/home/v/workspace/Shunt/utils/c/include   -Os -c -o sim_main.o ../sim_main.cpp
ccache g++ -Os  -I.  -MMD -I/usr/local/share/verilator/include -I/usr/local/share/verilator/include/vltstd -DVM_COVERAGE=0 -DVM_SC=0 -DVM_TRACE=1 -DVM_TRACE_FST=0 -DVM_TRACE_VCD=1 -faligned-new -fcf-protection=none -Wno-bool-operation -Wno-shadow -Wno-sign-compare -Wno-tautological-compare -Wno-uninitialized -Wno-unused-but-set-parameter -Wno-unused-but-set-variable -Wno-unused-parameter -Wno-unused-variable    -I/home/v/workspace/Shunt/utils/dpi/include -I/home/v/workspace/Shunt/utils/c/include   -c -o verilated.o /usr/local/share/verilator/include/verilated.cpp
ccache g++ -Os  -I.  -MMD -I/usr/local/share/verilator/include -I/usr/local/share/verilator/include/vltstd -DVM_COVERAGE=0 -DVM_SC=0 -DVM_TRACE=1 -DVM_TRACE_FST=0 -DVM_TRACE_VCD=1 -faligned-new -fcf-protection=none -Wno-bool-operation -Wno-shadow -Wno-sign-compare -Wno-tautological-compare -Wno-uninitialized -Wno-unused-but-set-parameter -Wno-unused-but-set-variable -Wno-unused-parameter -Wno-unused-variable    -I/home/v/workspace/Shunt/utils/dpi/include -I/home/v/workspace/Shunt/utils/c/include   -c -o verilated_dpi.o /usr/local/share/verilator/include/verilated_dpi.cpp
ccache g++ -Os  -I.  -MMD -I/usr/local/share/verilator/include -I/usr/local/share/verilator/include/vltstd -DVM_COVERAGE=0 -DVM_SC=0 -DVM_TRACE=1 -DVM_TRACE_FST=0 -DVM_TRACE_VCD=1 -faligned-new -fcf-protection=none -Wno-bool-operation -Wno-shadow -Wno-sign-compare -Wno-tautological-compare -Wno-uninitialized -Wno-unused-but-set-parameter -Wno-unused-but-set-variable -Wno-unused-parameter -Wno-unused-variable    -I/home/v/workspace/Shunt/utils/dpi/include -I/home/v/workspace/Shunt/utils/c/include   -c -o verilated_vcd_c.o /usr/local/share/verilator/include/verilated_vcd_c.cpp
ccache g++ -Os  -I.  -MMD -I/usr/local/share/verilator/include -I/usr/local/share/verilator/include/vltstd -DVM_COVERAGE=0 -DVM_SC=0 -DVM_TRACE=1 -DVM_TRACE_FST=0 -DVM_TRACE_VCD=1 -faligned-new -fcf-protection=none -Wno-bool-operation -Wno-shadow -Wno-sign-compare -Wno-tautological-compare -Wno-uninitialized -Wno-unused-but-set-parameter -Wno-unused-but-set-variable -Wno-unused-parameter -Wno-unused-variable    -I/home/v/workspace/Shunt/utils/dpi/include -I/home/v/workspace/Shunt/utils/c/include   -c -o verilated_threads.o /usr/local/share/verilator/include/verilated_threads.cpp
/usr/bin/python3 /usr/local/share/verilator/bin/verilator_includer -DVL_INCLUDE_OPT=include Vcs_common.cpp Vcs_common___024root__DepSet_h532b677c__0.cpp Vcs_common___024root__DepSet_h5619adff__0.cpp Vcs_common_shunt_dpi_pkg__DepSet_ha2957969__0.cpp Vcs_common__Dpi.cpp Vcs_common__Trace__0.cpp Vcs_common___024root__Slow.cpp Vcs_common___024root__DepSet_h532b677c__0__Slow.cpp Vcs_common___024root__DepSet_h5619adff__0__Slow.cpp Vcs_common_shunt_dpi_pkg__Slow.cpp Vcs_common_shunt_dpi_pkg__DepSet_hc65f8ff4__0__Slow.cpp Vcs_common___024unit__Slow.cpp Vcs_common___024unit__DepSet_he9d3e119__0__Slow.cpp Vcs_common__Syms.cpp Vcs_common__Trace__0__Slow.cpp Vcs_common__TraceDecls__0__Slow.cpp > Vcs_common__ALL.cpp
echo "" > Vcs_common__ALL.verilator_deplist.tmp
ic| self.force_to_exit_ev.is_set(): False
    self.config.compile_eot: False
ccache g++ -Os  -I.  -MMD -I/usr/local/share/verilator/include -I/usr/local/share/verilator/include/vltstd -DVM_COVERAGE=0 -DVM_SC=0 -DVM_TRACE=1 -DVM_TRACE_FST=0 -DVM_TRACE_VCD=1 -faligned-new -fcf-protection=none -Wno-bool-operation -Wno-shadow -Wno-sign-compare -Wno-tautological-compare -Wno-uninitialized -Wno-unused-but-set-parameter -Wno-unused-but-set-variable -Wno-unused-parameter -Wno-unused-variable    -I/home/v/workspace/Shunt/utils/dpi/include -I/home/v/workspace/Shunt/utils/c/include   -c -o Vcs_common__ALL.o Vcs_common__ALL.cpp
ic| self.force_to_exit_ev.is_set(): False
    self.config.compile_eot: False
g++    sim_main.o verilated.o verilated_dpi.o verilated_vcd_c.o verilated_threads.o Vcs_common__ALL.a   /home/v/workspace/Shunt/bin/libutils.so  -pthread -lpthread -latomic   -o Vcs_common
ic| self.force_to_exit_ev.is_set(): False
    self.config.compile_eot: False
ic| self._name: 'CompileWatchdog', temp: False
ic| time.time() - start_time: 17.91982889175415, max_timeout: 60
ic| self.force_to_exit_ev.is_set(): False
    self.config.compile_eot: False
ic| self.force_to_exit_ev.is_set(): False
    self.config.compile_eot: False
ic| self._name: 'CompileWatchdog', temp: False
ic| time.time() - start_time: 18.934122323989868, max_timeout: 60
ic| self.force_to_exit_ev.is_set(): False
    self.config.compile_eot: False
ic| self.force_to_exit_ev.is_set(): False
    self.config.compile_eot: False
rm Vcs_common__ALL.verilator_deplist.tmp
make[1]: Leaving directory '/media/sf_workspace/archon/run_regression/sanity_regression_20241201_115810/module1/Group2/build/obj_dir'
CompDoneQArbEx has locked the compile_run_queue SmartQ in remove
CompDoneQArbEx has released the compile_run_queue SmartQ in remove
CompDoneQArbEx has locked the compile_done_queue SmartQ in put
CompDoneQArbEx has released the compile_done_queue SmartQ in put
CompDoneQArbEx has locked the compile_run_queue SmartQ in is_empty
CompDoneQArbEx has released the compile_run_queue SmartQ in is_empty
CompDoneQArbEx has locked the compile_run_queue SmartQ in is_empty
CompDoneQArbEx has released the compile_run_queue SmartQ in is_empty
ic| self._name: 'CompRunQArbEx'
    task: {'approved': [],
           'command': 'make COMP_MAKEARGS=GROUP3',
           'future': '',
CompDoneQArbEx has locked the compile_run_queue SmartQ in is_empty           'status': 'wait',
           'subdir': 'module1/Group3/build'}

CompDoneQArbEx has released the compile_run_queue SmartQ in is_empty
ic| self.force_to_exit_evic| self._name: 'CompRunQArbEx', len(approved): 0
.is_set(): False
    self.config.compile_eot: False
CompRunQArbEx has locked the compile_run_queue SmartQ in put
CompRunQArbEx has released the compile_run_queue SmartQ in put
rm -rf obj_dir
CompDoneQArbEx has locked the compile_run_queue SmartQ in is_empty
CompDoneQArbEx has released the compile_run_queue SmartQ in is_empty
CompDoneQArbEx has locked the compile_run_queue SmartQ in peek
CompDoneQArbEx has released the compile_run_queue SmartQ in peek
ic| comp_done_q_arb_ex.py:49 in run() at 11:58:30.345
CompDoneQArbEx has locked the compile_run_queue SmartQ in print_queue
 compile_run_queue queue:
{'command': 'make COMP_MAKEARGS=GROUP3', 'subdir': 'module1/Group3/build', 'status': 'run', 'approved': [], 'future': <Future at 0x79a25a5ffb90 state=running>}
CompDoneQArbEx has released the compile_run_queue SmartQ in print_queue
ic| self._name: 'CompileWatchdog', temp: False
ic| time.time() - start_time: 19.956245183944702, max_timeout: 60
ic| self.force_to_exit_ev.is_set(): False
    self.config.compile_eot: False
ic| self.force_to_exit_ev.is_set(): False
    self.config.compile_eot: False
ic| self.force_to_exit_ev.is_set(): False
    self.config.compile_eot: False
ic| self._name: 'CompileWatchdog', temp: False
ic| time.time() - start_time: 20.982166290283203, max_timeout: 60
ic| self.force_to_exit_ev.is_set(): False
    self.config.compile_eot: False
ic| self.force_to_exit_ev.is_set(): False
    self.config.compile_eot: False
ic| self.force_to_exit_ev.is_set(): False
    self.config.compile_eot: False
ic| self._name: 'CompileWatchdog', temp: False
ic| time.time() - start_time: 22.00436782836914, max_timeout: 60
ic| self.force_to_exit_ev.is_set(): False
    self.config.compile_eot: False
ic| self.force_to_exit_ev.is_set(): False
    self.config.compile_eot: False
ic| self._name: 'CompileWatchdog', temp: False
ic| time.time() - start_time: 23.066840887069702, max_timeout: 60
ic| self.force_to_exit_ev.is_set(): False
    self.config.compile_eot: False
ic| self._name: 'CompileWatchdog', temp: False
ic| time.time() - start_time: 24.100382566452026, max_timeout: 60
ic| self.force_to_exit_ev.is_set(): False
    self.config.compile_eot: False
ic| self.force_to_exit_ev.is_set(): False
    self.config.compile_eot: False
verilator -Wall --trace cs_common.svh -CFLAGS "-I/home/v/workspace/Shunt/utils/dpi/include" -CFLAGS "-I/home/v/workspace/Shunt/utils/c/include" -cc /home/v/workspace/Shunt/utils/dpi/include/shunt_verilator_dpi.svh /home/v/workspace/Shunt/utils/dpi/src/shunt_dpi_pkg.sv  -LDFLAGS "/home/v/workspace/Shunt/bin/libutils.so" top_sim.v --exe sim_main.cpp
ic| self.force_to_exit_ev.is_set(): False
    self.config.compile_eot: False
ic| self._name: 'CompileWatchdog', temp: False
ic| time.time() - start_time: 25.123456716537476, max_timeout: 60
- V e r i l a t i o n   R e p o r t: Verilator 5.027 devel rev v5.026-8-g3315a6e43
- Verilator: Built from 0.255 MB sources in 3 modules, into 0.080 MB in 16 C++ files needing 0.000 MB
- Verilator: Walltime 0.634 s (elab=0.014, cvt=0.118, bld=0.000); cpu 0.000 s on 1 threads; alloced 20.793 MB
make -C obj_dir -j -f Vcs_common.mk Vcs_common
make[1]: Entering directory '/media/sf_workspace/archon/run_regression/sanity_regression_20241201_115810/module1/Group3/build/obj_dir'
ccache g++  -I.  -MMD -I/usr/local/share/verilator/include -I/usr/local/share/verilator/include/vltstd -DVM_COVERAGE=0 -DVM_SC=0 -DVM_TRACE=1 -DVM_TRACE_FST=0 -DVM_TRACE_VCD=1 -faligned-new -fcf-protection=none -Wno-bool-operation -Wno-shadow -Wno-sign-compare -Wno-tautological-compare -Wno-uninitialized -Wno-unused-but-set-parameter -Wno-unused-but-set-variable -Wno-unused-parameter -Wno-unused-variable    -I/home/v/workspace/Shunt/utils/dpi/include -I/home/v/workspace/Shunt/utils/c/include   -Os -c -o sim_main.o ../sim_main.cpp
ccache g++ -Os  -I.  -MMD -I/usr/local/share/verilator/include -I/usr/local/share/verilator/include/vltstd -DVM_COVERAGE=0 -DVM_SC=0 -DVM_TRACE=1 -DVM_TRACE_FST=0 -DVM_TRACE_VCD=1 -faligned-new -fcf-protection=none -Wno-bool-operation -Wno-shadow -Wno-sign-compare -Wno-tautological-compare -Wno-uninitialized -Wno-unused-but-set-parameter -Wno-unused-but-set-variable -Wno-unused-parameter -Wno-unused-variable    -I/home/v/workspace/Shunt/utils/dpi/include -I/home/v/workspace/Shunt/utils/c/include   -c -o verilated.o /usr/local/share/verilator/include/verilated.cpp
ccache g++ -Os  -I.  -MMD -I/usr/local/share/verilator/include -I/usr/local/share/verilator/include/vltstd -DVM_COVERAGE=0 -DVM_SC=0 -DVM_TRACE=1 -DVM_TRACE_FST=0 -DVM_TRACE_VCD=1 -faligned-new -fcf-protection=none -Wno-bool-operation -Wno-shadow -Wno-sign-compare -Wno-tautological-compare -Wno-uninitialized -Wno-unused-but-set-parameter -Wno-unused-but-set-variable -Wno-unused-parameter -Wno-unused-variable    -I/home/v/workspace/Shunt/utils/dpi/include -I/home/v/workspace/Shunt/utils/c/include   -c -o verilated_dpi.o /usr/local/share/verilator/include/verilated_dpi.cpp
ccache g++ -Os  -I.  -MMD -I/usr/local/share/verilator/include -I/usr/local/share/verilator/include/vltstd -DVM_COVERAGE=0 -DVM_SC=0 -DVM_TRACE=1 -DVM_TRACE_FST=0 -DVM_TRACE_VCD=1 -faligned-new -fcf-protection=none -Wno-bool-operation -Wno-shadow -Wno-sign-compare -Wno-tautological-compare -Wno-uninitialized -Wno-unused-but-set-parameter -Wno-unused-but-set-variable -Wno-unused-parameter -Wno-unused-variable    -I/home/v/workspace/Shunt/utils/dpi/include -I/home/v/workspace/Shunt/utils/c/include   -c -o verilated_vcd_c.o /usr/local/share/verilator/include/verilated_vcd_c.cpp
ccache g++ -Os  -I.  -MMD -I/usr/local/share/verilator/include -I/usr/local/share/verilator/include/vltstd -DVM_COVERAGE=0 -DVM_SC=0 -DVM_TRACE=1 -DVM_TRACE_FST=0 -DVM_TRACE_VCD=1 -faligned-new -fcf-protection=none -Wno-bool-operation -Wno-shadow -Wno-sign-compare -Wno-tautological-compare -Wno-uninitialized -Wno-unused-but-set-parameter -Wno-unused-but-set-variable -Wno-unused-parameter -Wno-unused-variable    -I/home/v/workspace/Shunt/utils/dpi/include -I/home/v/workspace/Shunt/utils/c/include   -c -o verilated_threads.o /usr/local/share/verilator/include/verilated_threads.cpp
/usr/bin/python3 /usr/local/share/verilator/bin/verilator_includer -DVL_INCLUDE_OPT=include Vcs_common.cpp Vcs_common___024root__DepSet_h532b677c__0.cpp Vcs_common___024root__DepSet_h5619adff__0.cpp Vcs_common_shunt_dpi_pkg__DepSet_ha2957969__0.cpp Vcs_common__Dpi.cpp Vcs_common__Trace__0.cpp Vcs_common___024root__Slow.cpp Vcs_common___024root__DepSet_h532b677c__0__Slow.cpp Vcs_common___024root__DepSet_h5619adff__0__Slow.cpp Vcs_common_shunt_dpi_pkg__Slow.cpp Vcs_common_shunt_dpi_pkg__DepSet_hc65f8ff4__0__Slow.cpp Vcs_common___024unit__Slow.cpp Vcs_common___024unit__DepSet_he9d3e119__0__Slow.cpp Vcs_common__Syms.cpp Vcs_common__Trace__0__Slow.cpp Vcs_common__TraceDecls__0__Slow.cpp > Vcs_common__ALL.cpp
echo "" > Vcs_common__ALL.verilator_deplist.tmp
ic| self.force_to_exit_ev.is_set(): False
    self.config.compile_eot: False
ccache g++ -Os  -I.  -MMD -I/usr/local/share/verilator/include -I/usr/local/share/verilator/include/vltstd -DVM_COVERAGE=0 -DVM_SC=0 -DVM_TRACE=1 -DVM_TRACE_FST=0 -DVM_TRACE_VCD=1 -faligned-new -fcf-protection=none -Wno-bool-operation -Wno-shadow -Wno-sign-compare -Wno-tautological-compare -Wno-uninitialized -Wno-unused-but-set-parameter -Wno-unused-but-set-variable -Wno-unused-parameter -Wno-unused-variable    -I/home/v/workspace/Shunt/utils/dpi/include -I/home/v/workspace/Shunt/utils/c/include   -c -o Vcs_common__ALL.o Vcs_common__ALL.cpp
ic| self._name: 'CompileWatchdog', temp: False
ic| time.time() - start_time: 26.162394285202026, max_timeout: 60
ic| self.force_to_exit_ev.is_set(): False
    self.config.compile_eot: False
g++    sim_main.o verilated.o verilated_dpi.o verilated_vcd_c.o verilated_threads.o Vcs_common__ALL.a   /home/v/workspace/Shunt/bin/libutils.so  -pthread -lpthread -latomic   -o Vcs_common
ic| self.force_to_exit_ev.is_set(): False
    self.config.compile_eot: False
ic| self._name: 'CompileWatchdog', temp: False
ic| time.time() - start_time: 27.205236673355103, max_timeout: 60
ic| self.force_to_exit_ev.is_set(): False
    self.config.compile_eot: False
rm Vcs_common__ALL.verilator_deplist.tmp
make[1]: Leaving directory '/media/sf_workspace/archon/run_regression/sanity_regression_20241201_115810/module1/Group3/build/obj_dir'
CompDoneQArbEx has locked the compile_run_queue SmartQ in remove
CompDoneQArbEx has released the compile_run_queue SmartQ in remove
CompDoneQArbEx has locked the compile_done_queue SmartQ in put
CompDoneQArbEx has released the compile_done_queue SmartQ in put
CompDoneQArbEx has locked the compile_run_queue SmartQ in is_empty
CompDoneQArbEx has released the compile_run_queue SmartQ in is_empty
CompDoneQArbEx has locked the compile_done_queue SmartQ in is_empty
CompDoneQArbEx has released the compile_done_queue SmartQ in is_empty
CompDoneQArbEx has locked the compile_run_queue SmartQ in is_empty
CompDoneQArbEx has released the compile_run_queue SmartQ in is_empty
CompDoneQArbEx has locked the compile_done_queue SmartQ in is_empty
CompDoneQArbEx has released the compile_done_queue SmartQ in is_empty
ic| self._name: 'CompDoneQArbEx'
    self._run_queue.is_empty(): True
    self._wait_queue.is_empty(): True
    self._done_queue.is_empty(): False
CompDoneQArbEx has locked the compile_run_queue SmartQ in print_queue
compile_run_queue queue: Empty
CompDoneQArbEx has released the compile_run_queue SmartQ in print_queue
CompDoneQArbEx has locked the compile_run_queue SmartQ in print_queue
compile_run_queue queue: Empty
CompDoneQArbEx has released the compile_run_queue SmartQ in print_queue
ic| "CompDoneQArbEx Done": 'CompDoneQArbEx Done'
    self._name: 'CompDoneQArbEx'
    self.set_completion_ev.is_set(): True
    self.config.compile_eot: True
ic| self.force_to_exit_ev.is_set(): True
    self.config.compile_eot: True
ic| compile_watchdog_eot_event.is_set(): False
    artifact_watchdog_eot_event.is_set(): False
Graceful Shutdown:
MainThread has locked the compile_run_queue SmartQ in is_empty
MainThread has released the compile_run_queue SmartQ in is_empty
MainThread has locked the compile_done_queue SmartQ in is_empty
MainThread has released the compile_done_queue SmartQ in is_empty
ic| config.compile_wait_queue.is_empty(): True
    config.compile_run_queue.is_empty(): True
    config.compile_done_queue.is_empty(): False
compile_wait_queue queue: Empty
MainThread has locked the compile_run_queue SmartQ in print_queue
compile_run_queue queue: Empty
MainThread has released the compile_run_queue SmartQ in print_queue
MainThread has locked the compile_done_queue SmartQ in print_queue
Compile Done: compile_done_queue queue:
{'command': 'make COMP_MAKEARGS=GROUP1', 'subdir': 'module1/Group1/build', 'status': 'ok', 'approved': [], 'future': <Future at 0x79a25ae3bd40 state=finished returned CompletedProcess>}
{'command': 'make COMP_MAKEARGS=GROUP2', 'subdir': 'module1/Group2/build', 'status': 'ok', 'approved': [], 'future': <Future at 0x79a259baa1e0 state=finished returned CompletedProcess>}
{'command': 'make COMP_MAKEARGS=GROUP3', 'subdir': 'module1/Group3/build', 'status': 'ok', 'approved': [], 'future': <Future at 0x79a25a5ffb90 state=finished returned CompletedProcess>}
MainThread has released the compile_done_queue SmartQ in print_queue
End of Regression
